#
# A fatal error has been detected by the Java Runtime Environment:
#
#  EXCEPTION_ACCESS_VIOLATION (0xc0000005) at pc=0x000007feea38303d, pid=6988, tid=0x000000000000185c
#
# JRE version: Java(TM) SE Runtime Environment (8.0_161-b12) (build 1.8.0_161-b12)
# Java VM: Java HotSpot(TM) 64-Bit Server VM (25.161-b12 mixed mode windows-amd64 compressed oops)
# Problematic frame:
# C  [jemalloc.dll+0x303d]
#
# Failed to write core dump. Minidumps are not enabled by default on client versions of Windows
#
# If you would like to submit a bug report, please visit:
#   http://bugreport.java.com/bugreport/crash.jsp
# The crash happened outside the Java Virtual Machine in native code.
# See problematic frame for where to report the bug.
#

---------------  T H R E A D  ---------------

Current thread (0x00000000022ef000):  JavaThread "main" [_thread_in_native, id=6236, stack(0x0000000002610000,0x0000000002710000)]

siginfo: ExceptionCode=0xc0000005, writing address 0xfffffffffffffff8

Registers:
RAX=0xfffffffffffffff8, RBX=0x00000000122a2000, RCX=0x0000000000000008, RDX=0x0000000000000000
RSP=0x000000000270ed00, RBP=0x0000000057b21ca0, RSI=0x00000000122a1008, RDI=0x00000000122a3d60
R8 =0x0000000000000000, R9 =0x000007feea380000, R10=0x0000000000000000, R11=0x0000000000000000
R12=0x0000000000000000, R13=0x0000000054d841d8, R14=0x000000000270ee40, R15=0x00000000022ef000
RIP=0x000007feea38303d, EFLAGS=0x0000000000010293

Top of Stack: (sp=0x000000000270ed00)
0x000000000270ed00:   0000000000002000 0000000000000000
0x000000000270ed10:   0000000000000004 000007feea3831c1
0x000000000270ed20:   0000000000000000 00000000122bc000
0x000000000270ed30:   00000000122a2000 000007feea393670
0x000000000270ed40:   0000000000000001 000000000270ee08
0x000000000270ed50:   0000000000000000 0000000057b21ca0
0x000000000270ed60:   0000000000000000 00000000029e7ac0
0x000000000270ed70:   00000000029e7ac0 00000000029f6527
0x000000000270ed80:   0000000054d841d8 0000000057b21ca0
0x000000000270ed90:   000000000270ed90 0000000054a0e9af
0x000000000270eda0:   000000000270ee08 0000000054a0f9f0
0x000000000270edb0:   0000000000000000 0000000054a0e9f8
0x000000000270edc0:   0000000000000000 000000000270edc8
0x000000000270edd0:   0000000000000000 000000000270ee40
0x000000000270ede0:   0000000054da0228 0000000000000000
0x000000000270edf0:   0000000054d841d8 0000000000000000 

Instructions: (pc=0x000007feea38303d)
0x000007feea38301d:   8d 47 28 89 54 24 20 48 8b d3 e8 a4 09 01 00 ff
0x000007feea38302d:   47 38 8b 4f 38 48 8b 47 40 48 c1 e1 03 48 2b c1
0x000007feea38303d:   48 89 28 8b 43 18 83 f8 01 7d 13 8b 43 1c 48 8b
0x000007feea38304d:   d3 48 8b ce 89 43 18 e8 87 0d 01 00 eb 05 ff c8 


Register to memory mapping:

RAX=0xfffffffffffffff8 is an unknown value
RBX=0x00000000122a2000 is an unknown value
RCX=0x0000000000000008 is an unknown value
RDX=0x0000000000000000 is an unknown value
RSP=0x000000000270ed00 is pointing into the stack for thread: 0x00000000022ef000
RBP=0x0000000057b21ca0 is an unknown value
RSI=0x00000000122a1008 is an unknown value
RDI=0x00000000122a3d60 is an unknown value
R8 =0x0000000000000000 is an unknown value
R9 =0x000007feea380000 is an unknown value
R10=0x0000000000000000 is an unknown value
R11=0x0000000000000000 is an unknown value
R12=0x0000000000000000 is an unknown value
R13={method} {0x0000000054d841e0} 'invokePV' '(JJ)V' in 'org/lwjgl/system/JNI'
R14=0x000000000270ee40 is pointing into the stack for thread: 0x00000000022ef000
R15=0x00000000022ef000 is a thread


Stack: [0x0000000002610000,0x0000000002710000],  sp=0x000000000270ed00,  free space=1019k
Native frames: (J=compiled Java code, j=interpreted, Vv=VM code, C=native code)
C  [jemalloc.dll+0x303d]
C  [jemalloc.dll+0x13670]
C  0x00000000029f6527

Java frames: (J=compiled Java code, j=interpreted, Vv=VM code)
j  org.lwjgl.system.JNI.invokePV(JJ)V+0
j  org.lwjgl.system.jemalloc.JEmalloc.nje_free(J)V+6
j  org.lwjgl.system.jemalloc.JEmallocAllocator.free(J)V+1
j  org.lwjgl.system.MemoryUtil.nmemFree(J)V+4
j  org.lwjgl.system.MemoryUtil.memFree(Ljava/nio/Buffer;)V+4
j  misc.Utils.getNanoVGImage(Ljava/lang/String;I)I+16
j  misc.Assets.initNano()V+122
j  main.Main.init()V+57
j  main.Main.start()V+1
j  main.Main.main([Ljava/lang/String;)V+9
v  ~StubRoutines::call_stub

---------------  P R O C E S S  ---------------

Java Threads: ( => current thread )
  0x0000000056ad9800 JavaThread "Service Thread" daemon [_thread_blocked, id=7040, stack(0x00000000573f0000,0x00000000574f0000)]
  0x0000000056a58000 JavaThread "C1 CompilerThread2" daemon [_thread_blocked, id=2692, stack(0x0000000057200000,0x0000000057300000)]
  0x0000000056a53000 JavaThread "C2 CompilerThread1" daemon [_thread_in_native, id=4720, stack(0x0000000056fb0000,0x00000000570b0000)]
  0x000000005530a000 JavaThread "C2 CompilerThread0" daemon [_thread_in_native, id=4664, stack(0x0000000056950000,0x0000000056a50000)]
  0x0000000055308800 JavaThread "Attach Listener" daemon [_thread_blocked, id=5496, stack(0x00000000567b0000,0x00000000568b0000)]
  0x0000000055305800 JavaThread "Signal Dispatcher" daemon [_thread_blocked, id=844, stack(0x0000000056660000,0x0000000056760000)]
  0x00000000552f0000 JavaThread "Finalizer" daemon [_thread_blocked, id=6900, stack(0x0000000056470000,0x0000000056570000)]
  0x00000000552a9000 JavaThread "Reference Handler" daemon [_thread_blocked, id=7020, stack(0x00000000561b0000,0x00000000562b0000)]
=>0x00000000022ef000 JavaThread "main" [_thread_in_native, id=6236, stack(0x0000000002610000,0x0000000002710000)]

Other Threads:
  0x00000000552a1800 VMThread [stack: 0x00000000562b0000,0x00000000563b0000] [id=6932]
  0x0000000056ae7800 WatcherThread [stack: 0x0000000056e90000,0x0000000056f90000] [id=5816]

VM state:not at safepoint (normal execution)

VM Mutex/Monitor currently owned by a thread: None

Heap:
 PSYoungGen      total 18944K, used 4462K [0x00000000eb000000, 0x00000000ec500000, 0x0000000100000000)
  eden space 16384K, 11% used [0x00000000eb000000,0x00000000eb1df568,0x00000000ec000000)
  from space 2560K, 99% used [0x00000000ec000000,0x00000000ec27c638,0x00000000ec280000)
  to   space 2560K, 0% used [0x00000000ec280000,0x00000000ec280000,0x00000000ec500000)
 ParOldGen       total 44032K, used 399K [0x00000000c1000000, 0x00000000c3b00000, 0x00000000eb000000)
  object space 44032K, 0% used [0x00000000c1000000,0x00000000c1063ce8,0x00000000c3b00000)
 Metaspace       used 8906K, capacity 9101K, committed 9344K, reserved 1058816K
  class space    used 741K, capacity 804K, committed 896K, reserved 1048576K

Card table byte_map: [0x0000000011da0000,0x0000000011fa0000] byte_map_base: 0x0000000011798000

Marking Bits: (ParMarkBitMap*) 0x00000000708df860
 Begin Bits: [0x0000000012790000, 0x0000000013750000)
 End Bits:   [0x0000000013750000, 0x0000000014710000)

Polling page: 0x0000000000350000

CodeCache: size=245760Kb used=2905Kb max_used=2905Kb free=242854Kb
 bounds [0x00000000029e0000, 0x0000000002cc0000, 0x00000000119e0000]
 total_blobs=1508 nmethods=657 adapters=766
 compilation: enabled

Compilation events (10 events):
Event: 2.333 Thread 0x000000005530a000  653  s    4       sun.misc.URLClassPath::getNextLoader (88 bytes)
Event: 2.333 Thread 0x0000000056a58000  654       3       java.util.HashMap::getNode (148 bytes)
Event: 2.333 Thread 0x0000000056a53000  655  s!   4       sun.misc.URLClassPath::getLoader (243 bytes)
Event: 2.334 Thread 0x0000000056a58000 nmethod 654 0x0000000002cae710 code [0x0000000002cae8e0, 0x0000000002caf268]
Event: 2.334 Thread 0x0000000056a58000  656       3       java.util.zip.ZipEntry::getSize (5 bytes)
Event: 2.334 Thread 0x0000000056a58000 nmethod 656 0x0000000002caf550 code [0x0000000002caf6a0, 0x0000000002caf7f0]
Event: 2.338 Thread 0x0000000056a58000  658       3       sun.misc.Resource::<init> (5 bytes)
Event: 2.338 Thread 0x0000000056a58000 nmethod 658 0x0000000002cb3dd0 code [0x0000000002cb3f20, 0x0000000002cb40d0]
Event: 2.343 Thread 0x0000000056a58000  659   !   3       sun.misc.URLClassPath$FileLoader::getResource (164 bytes)
Event: 2.344 Thread 0x0000000056a58000 nmethod 659 0x0000000002cb4190 code [0x0000000002cb44c0, 0x0000000002cb5cc8]

GC Heap History (2 events):
Event: 2.258 GC heap before
{Heap before GC invocations=1 (full 0):
 PSYoungGen      total 18944K, used 16384K [0x00000000eb000000, 0x00000000ec500000, 0x0000000100000000)
  eden space 16384K, 100% used [0x00000000eb000000,0x00000000ec000000,0x00000000ec000000)
  from space 2560K, 0% used [0x00000000ec280000,0x00000000ec280000,0x00000000ec500000)
  to   space 2560K, 0% used [0x00000000ec000000,0x00000000ec000000,0x00000000ec280000)
 ParOldGen       total 44032K, used 0K [0x00000000c1000000, 0x00000000c3b00000, 0x00000000eb000000)
  object space 44032K, 0% used [0x00000000c1000000,0x00000000c1000000,0x00000000c3b00000)
 Metaspace       used 8043K, capacity 8163K, committed 8448K, reserved 1056768K
  class space    used 656K, capacity 731K, committed 768K, reserved 1048576K
Event: 2.263 GC heap after
Heap after GC invocations=1 (full 0):
 PSYoungGen      total 18944K, used 2545K [0x00000000eb000000, 0x00000000ec500000, 0x0000000100000000)
  eden space 16384K, 0% used [0x00000000eb000000,0x00000000eb000000,0x00000000ec000000)
  from space 2560K, 99% used [0x00000000ec000000,0x00000000ec27c638,0x00000000ec280000)
  to   space 2560K, 0% used [0x00000000ec280000,0x00000000ec280000,0x00000000ec500000)
 ParOldGen       total 44032K, used 399K [0x00000000c1000000, 0x00000000c3b00000, 0x00000000eb000000)
  object space 44032K, 0% used [0x00000000c1000000,0x00000000c1063ce8,0x00000000c3b00000)
 Metaspace       used 8043K, capacity 8163K, committed 8448K, reserved 1056768K
  class space    used 656K, capacity 731K, committed 768K, reserved 1048576K
}

Deoptimization events (3 events):
Event: 0.122 Thread 0x00000000022ef000 Uncommon trap: reason=unstable_if action=reinterpret pc=0x0000000002af7668 method=java.lang.String.hashCode()I @ 14
Event: 2.306 Thread 0x00000000022ef000 Uncommon trap: reason=unstable_if action=reinterpret pc=0x0000000002c5a154 method=java.util.HashMap.getNode(ILjava/lang/Object;)Ljava/util/HashMap$Node; @ 116
Event: 2.311 Thread 0x00000000022ef000 Uncommon trap: reason=unstable_if action=reinterpret pc=0x0000000002c53dec method=java.util.HashMap.getNode(ILjava/lang/Object;)Ljava/util/HashMap$Node; @ 116

Classes redefined (0 events):
No events

Internal exceptions (10 events):
Event: 2.343 Thread 0x00000000022ef000 Exception <a 'sun/nio/fs/WindowsException'> (0x00000000eb1b8438) thrown at [C:\re\workspace\8-2-build-windows-amd64-cygwin\jdk8u161\10277\hotspot\src\share\vm\prims\jni.cpp, line 709]
Event: 2.343 Thread 0x00000000022ef000 Exception <a 'sun/nio/fs/WindowsException'> (0x00000000eb1b87f0) thrown at [C:\re\workspace\8-2-build-windows-amd64-cygwin\jdk8u161\10277\hotspot\src\share\vm\prims\jni.cpp, line 709]
Event: 2.346 Thread 0x00000000022ef000 Exception <a 'sun/nio/fs/WindowsException'> (0x00000000eb1bddd8) thrown at [C:\re\workspace\8-2-build-windows-amd64-cygwin\jdk8u161\10277\hotspot\src\share\vm\prims\jni.cpp, line 709]
Event: 2.346 Thread 0x00000000022ef000 Exception <a 'sun/nio/fs/WindowsException'> (0x00000000eb1be190) thrown at [C:\re\workspace\8-2-build-windows-amd64-cygwin\jdk8u161\10277\hotspot\src\share\vm\prims\jni.cpp, line 709]
Event: 2.347 Thread 0x00000000022ef000 Exception <a 'sun/nio/fs/WindowsException'> (0x00000000eb1c3778) thrown at [C:\re\workspace\8-2-build-windows-amd64-cygwin\jdk8u161\10277\hotspot\src\share\vm\prims\jni.cpp, line 709]
Event: 2.347 Thread 0x00000000022ef000 Exception <a 'sun/nio/fs/WindowsException'> (0x00000000eb1c3b30) thrown at [C:\re\workspace\8-2-build-windows-amd64-cygwin\jdk8u161\10277\hotspot\src\share\vm\prims\jni.cpp, line 709]
Event: 2.348 Thread 0x00000000022ef000 Exception <a 'sun/nio/fs/WindowsException'> (0x00000000eb1c9118) thrown at [C:\re\workspace\8-2-build-windows-amd64-cygwin\jdk8u161\10277\hotspot\src\share\vm\prims\jni.cpp, line 709]
Event: 2.348 Thread 0x00000000022ef000 Exception <a 'sun/nio/fs/WindowsException'> (0x00000000eb1c94d0) thrown at [C:\re\workspace\8-2-build-windows-amd64-cygwin\jdk8u161\10277\hotspot\src\share\vm\prims\jni.cpp, line 709]
Event: 2.350 Thread 0x00000000022ef000 Exception <a 'sun/nio/fs/WindowsException'> (0x00000000eb1ceab8) thrown at [C:\re\workspace\8-2-build-windows-amd64-cygwin\jdk8u161\10277\hotspot\src\share\vm\prims\jni.cpp, line 709]
Event: 2.350 Thread 0x00000000022ef000 Exception <a 'sun/nio/fs/WindowsException'> (0x00000000eb1cee70) thrown at [C:\re\workspace\8-2-build-windows-amd64-cygwin\jdk8u161\10277\hotspot\src\share\vm\prims\jni.cpp, line 709]

Events (10 events):
Event: 2.331 loading class sun/net/ProgressMonitor
Event: 2.331 loading class sun/net/ProgressMonitor done
Event: 2.331 loading class sun/net/DefaultProgressMeteringPolicy
Event: 2.331 loading class sun/net/ProgressMeteringPolicy
Event: 2.331 loading class sun/net/ProgressMeteringPolicy done
Event: 2.331 loading class sun/net/DefaultProgressMeteringPolicy done
Event: 2.332 loading class java/nio/channels/Channels$ReadableByteChannelImpl
Event: 2.332 loading class java/nio/channels/Channels$ReadableByteChannelImpl done
Event: 2.333 loading class org/lwjgl/nanovg/NanoVG
Event: 2.333 loading class org/lwjgl/nanovg/NanoVG done


Dynamic libraries:
0x000000013f710000 - 0x000000013f747000 	C:\Program Files\Java\jre1.8.0_161\bin\javaw.exe
0x0000000077340000 - 0x00000000774ea000 	C:\Windows\SYSTEM32\ntdll.dll
0x000007fef24c0000 - 0x000007fef24f4000 	C:\Program Files\AVAST Software\Avast\x64\aswhooka.dll
0x0000000077120000 - 0x000000007723f000 	C:\Windows\system32\kernel32.dll
0x000007fefd0f0000 - 0x000007fefd15a000 	C:\Windows\system32\KERNELBASE.dll
0x000007fefe320000 - 0x000007fefe3fb000 	C:\Windows\system32\ADVAPI32.dll
0x000007fefe8d0000 - 0x000007fefe96f000 	C:\Windows\system32\msvcrt.dll
0x000007feff350000 - 0x000007feff36f000 	C:\Windows\SYSTEM32\sechost.dll
0x000007fefe790000 - 0x000007fefe8bd000 	C:\Windows\system32\RPCRT4.dll
0x0000000077240000 - 0x000000007733a000 	C:\Windows\system32\USER32.dll
0x000007feff5e0000 - 0x000007feff647000 	C:\Windows\system32\GDI32.dll
0x000007fefe8c0000 - 0x000007fefe8ce000 	C:\Windows\system32\LPK.dll
0x000007fefe970000 - 0x000007fefea3a000 	C:\Windows\system32\USP10.dll
0x000007fefbad0000 - 0x000007fefbcc4000 	C:\Windows\WinSxS\amd64_microsoft.windows.common-controls_6595b64144ccf1df_6.0.7601.18837_none_fa3b1e3d17594757\COMCTL32.dll
0x000007feff4d0000 - 0x000007feff541000 	C:\Windows\system32\SHLWAPI.dll
0x000007fefd480000 - 0x000007fefd4ae000 	C:\Windows\system32\IMM32.DLL
0x000007feff370000 - 0x000007feff479000 	C:\Windows\system32\MSCTF.dll
0x0000000068690000 - 0x0000000068762000 	C:\Program Files\Java\jre1.8.0_161\bin\msvcr100.dll
0x00000000700c0000 - 0x000000007095f000 	C:\Program Files\Java\jre1.8.0_161\bin\server\jvm.dll
0x000007fef2490000 - 0x000007fef2499000 	C:\Windows\system32\WSOCK32.dll
0x000007feff480000 - 0x000007feff4cd000 	C:\Windows\system32\WS2_32.dll
0x000007feff550000 - 0x000007feff558000 	C:\Windows\system32\NSI.dll
0x000007fefab70000 - 0x000007fefabab000 	C:\Windows\system32\WINMM.dll
0x000007fefc160000 - 0x000007fefc16c000 	C:\Windows\system32\VERSION.dll
0x0000000077510000 - 0x0000000077517000 	C:\Windows\system32\PSAPI.DLL
0x0000000063710000 - 0x000000006371f000 	C:\Program Files\Java\jre1.8.0_161\bin\verify.dll
0x00000000636e0000 - 0x0000000063709000 	C:\Program Files\Java\jre1.8.0_161\bin\java.dll
0x00000000636c0000 - 0x00000000636d6000 	C:\Program Files\Java\jre1.8.0_161\bin\zip.dll
0x000007fefd4b0000 - 0x000007fefe23a000 	C:\Windows\system32\SHELL32.dll
0x000007feff0a0000 - 0x000007feff2a3000 	C:\Windows\system32\ole32.dll
0x000007fefd0d0000 - 0x000007fefd0df000 	C:\Windows\system32\profapi.dll
0x00000000636a0000 - 0x00000000636ba000 	C:\Program Files\Java\jre1.8.0_161\bin\net.dll
0x000007fefc860000 - 0x000007fefc8b5000 	C:\Windows\system32\mswsock.dll
0x000007fefc850000 - 0x000007fefc857000 	C:\Windows\System32\wship6.dll
0x0000000063680000 - 0x0000000063691000 	C:\Program Files\Java\jre1.8.0_161\bin\nio.dll
0x000007feebf60000 - 0x000007feebfb7000 	C:\Users\vv\AppData\Local\Temp\lwjglvv\3.1.1-build-16\lwjgl.dll
0x000007fef0a20000 - 0x000007fef0a23000 	C:\Windows\system32\api-ms-win-core-synch-l1-2-0.DLL
0x000007feee780000 - 0x000007feee7bc000 	C:\Users\vv\AppData\Local\Temp\lwjglvv\3.1.1-build-16\glfw.dll
0x000007fefb8f0000 - 0x000007fefb946000 	C:\Windows\system32\uxtheme.dll
0x000007feebf20000 - 0x000007feebf5c000 	C:\Windows\system32\dinput8.dll
0x0000000000400000 - 0x000000000041e000 	C:\Windows\system32\xinput1_3.dll
0x000007fefe400000 - 0x000007fefe5d7000 	C:\Windows\system32\SETUPAPI.dll
0x000007fefd390000 - 0x000007fefd3c6000 	C:\Windows\system32\CFGMGR32.dll
0x000007fefe240000 - 0x000007fefe318000 	C:\Windows\system32\OLEAUT32.dll
0x000007fefd3e0000 - 0x000007fefd3fa000 	C:\Windows\system32\DEVOBJ.dll
0x000007fefb3d0000 - 0x000007fefb3e8000 	C:\Windows\system32\dwmapi.dll
0x000007fefb3f0000 - 0x000007fefb3fb000 	C:\Windows\system32\HID.DLL
0x000007fefd400000 - 0x000007fefd43b000 	C:\Windows\system32\WINTRUST.dll
0x000007fefd210000 - 0x000007fefd37d000 	C:\Windows\system32\CRYPT32.dll
0x000007fefd0c0000 - 0x000007fefd0cf000 	C:\Windows\system32\MSASN1.dll
0x000007fedb400000 - 0x000007fedb51d000 	C:\Windows\system32\opengl32.dll
0x000007feee750000 - 0x000007feee77d000 	C:\Windows\system32\GLU32.dll
0x000007feea430000 - 0x000007feea521000 	C:\Windows\system32\DDRAW.dll
0x000007fefa440000 - 0x000007fefa448000 	C:\Windows\system32\DCIMAN32.dll
0x0000000068e10000 - 0x000000006b082000 	C:\Windows\system32\nvoglv64.DLL
0x000007fefb0d0000 - 0x000007fefb0e1000 	C:\Windows\system32\WTSAPI32.dll
0x000007fefad30000 - 0x000007fefad5d000 	C:\Windows\system32\ntmarta.dll
0x000007fefea40000 - 0x000007fefea92000 	C:\Windows\system32\WLDAP32.dll
0x000007feefc20000 - 0x000007feefdfc000 	C:\Windows\system32\nvspcap64.dll
0x000007fef99f0000 - 0x000007fef9a61000 	C:\Windows\system32\WINHTTP.dll
0x000007fef9980000 - 0x000007fef99e4000 	C:\Windows\system32\webio.dll
0x000007fefca40000 - 0x000007fefca7d000 	C:\Windows\system32\WINSTA.dll
0x000007fefcf60000 - 0x000007fefcf6f000 	C:\Windows\system32\CRYPTBASE.dll
0x000007feebec0000 - 0x000007feebf1f000 	C:\Users\vv\AppData\Local\Temp\lwjglvv\3.1.1-build-16\lwjgl_opengl.dll
0x000007feea3c0000 - 0x000007feea421000 	C:\Users\vv\AppData\Local\Temp\lwjglvv\3.1.1-build-16\lwjgl_nanovg.dll
0x000007feea380000 - 0x000007feea3be000 	C:\Users\vv\AppData\Local\Temp\lwjglvv\3.1.1-build-16\jemalloc.dll
0x0000000068120000 - 0x00000000682b8000 	C:\Program Files\Java\jre1.8.0_161\bin\awt.dll
0x000007fef9750000 - 0x000007fef9875000 	C:\Windows\system32\dbghelp.dll

VM Arguments:
jvm_args: -Dfile.encoding=Cp1252 
java_command: main.Main
java_class_path (initial): C:\Users\vv\git\Project-4X\bin;C:\Users\vv\git\Project-4X\libraries\joml-1.9.1-sources.jar;C:\Users\vv\git\Project-4X\libraries\joml-1.9.1.jar;C:\Users\vv\git\Project-4X\libraries\lwjgl-assimp-javadoc.jar;C:\Users\vv\git\Project-4X\libraries\lwjgl-assimp-natives-windows.jar;C:\Users\vv\git\Project-4X\libraries\lwjgl-assimp-sources.jar;C:\Users\vv\git\Project-4X\libraries\lwjgl-assimp.jar;C:\Users\vv\git\Project-4X\libraries\lwjgl-bgfx-javadoc.jar;C:\Users\vv\git\Project-4X\libraries\lwjgl-bgfx-natives-windows.jar;C:\Users\vv\git\Project-4X\libraries\lwjgl-bgfx-sources.jar;C:\Users\vv\git\Project-4X\libraries\lwjgl-bgfx.jar;C:\Users\vv\git\Project-4X\libraries\lwjgl-egl-javadoc.jar;C:\Users\vv\git\Project-4X\libraries\lwjgl-egl-sources.jar;C:\Users\vv\git\Project-4X\libraries\lwjgl-egl.jar;C:\Users\vv\git\Project-4X\libraries\lwjgl-glfw-javadoc.jar;C:\Users\vv\git\Project-4X\libraries\lwjgl-glfw-natives-windows.jar;C:\Users\vv\git\Project-4X\libraries\lwjgl-glfw-sources.jar;C:\Users\vv\git\Project-4X\libraries\lwjgl-glfw.jar;C:\Users\vv\git\Project-4X\libraries\lwjgl-javadoc.jar;C:\Users\vv\git\Project-4X\libraries\lwjgl-jawt-javadoc.jar;C:\Users\vv\git\Project-4X\libraries\lwjgl-jawt-sources.jar;C:\Users\vv\git\Project-4X\libraries\lwjgl-jawt.jar;C:\Users\vv\git\Project-4X\libraries\lwjgl-jemalloc-javadoc.jar;C:\Users\vv\git\Project-4X\libraries\lwjgl-jemalloc-natives-windows.jar;C:\Users\vv\git\Project-4X\libraries\lwjgl-jemalloc-sources.jar;C:\Users\vv\git\Project-4X\libraries\lwjgl-jemalloc.jar;C:\Users\vv\git\Project-4X\libraries\lwjgl-lmdb-javadoc.jar;C:\Users\vv\git\Project-4X\libraries\lwjgl-lmdb-natives-windows.jar;C:\Users\vv\git\Project-4X\libraries\lwjgl-lmdb-sources.jar;C:\Users\vv\git\Project-4X\libraries\lwjgl-lmdb.jar;C:\Users\vv\git\Project-4X\libraries\lwjgl-nanovg-javadoc.jar;C:\Users\vv\git\Project-4X\libraries\lwjgl-nanovg-natives-windows.jar;C:\Users\vv\git\Project-4X\libraries\lwjgl-nanovg-sources.jar;C:\Users\vv\gi
Launcher Type: SUN_STANDARD

Environment Variables:
PATH=C:/Program Files/Java/jre1.8.0_161/bin/server;C:/Program Files/Java/jre1.8.0_161/bin;C:/Program Files/Java/jre1.8.0_161/lib/amd64;D:\Komodo Edit\;D:\jet\bin;C:\ProgramData\Oracle\Java\javapath;C:\Windows\System32;C:\Program Files (x86)\CMake\bin;C:\MinGW\bin;C:\Program Files (x86)\GnuWin32\bin;C:\Program Files (x86)\GtkSharp\2.12\bin;C:\Program Files (x86)\Windows Kits\8.1\Windows Performance Toolkit\;C:\Program Files\Microsoft SQL Server\110\Tools\Binn\;D:\Dwimperl\perl\bin;D:\Dwimperl\perl\site\bin;D:\Dwimperl\c\bin;D:\SFML;C:\Program Files (x86)\NVIDIA Corporation\PhysX\Common;D:\Libs\lwjgl-3.1.0;C:\Program Files (x86)\Skype\Phone\;C:\Program Files (x86)\OpenVPN\bin;D:\Microsoft VS Code\bin;C:\Program Files (x86)\Nmap;D:\Libs\lwjgl-3.1.0;;C:\Windows\system32;
USERNAME=vv
OS=Windows_NT
PROCESSOR_IDENTIFIER=Intel64 Family 6 Model 23 Stepping 10, GenuineIntel



---------------  S Y S T E M  ---------------

OS: Windows 7 , 64 bit Build 7601 (6.1.7601.23418)

CPU:total 4 (initial active 4) (4 cores per cpu, 1 threads per core) family 6 model 23 stepping 10, cmov, cx8, fxsr, mmx, sse, sse2, sse3, ssse3, sse4.1, tsc

Memory: 4k page, physical 4123900k(914160k free), swap 8245940k(3883396k free)

vm_info: Java HotSpot(TM) 64-Bit Server VM (25.161-b12) for windows-amd64 JRE (1.8.0_161-b12), built on Dec 19 2017 17:52:25 by "java_re" with MS VC++ 10.0 (VS2010)

time: Tue Apr 10 10:52:28 2018
elapsed time: 2 seconds (0d 0h 0m 2s)

