#
# A fatal error has been detected by the Java Runtime Environment:
#
#  EXCEPTION_ACCESS_VIOLATION (0xc0000005) at pc=0x000007feddf63646, pid=4404, tid=0x00000000000010f8
#
# JRE version: Java(TM) SE Runtime Environment (8.0_161-b12) (build 1.8.0_161-b12)
# Java VM: Java HotSpot(TM) 64-Bit Server VM (25.161-b12 mixed mode windows-amd64 compressed oops)
# Problematic frame:
# C  [jemalloc.dll+0x13646]
#
# Failed to write core dump. Minidumps are not enabled by default on client versions of Windows
#
# If you would like to submit a bug report, please visit:
#   http://bugreport.java.com/bugreport/crash.jsp
# The crash happened outside the Java Virtual Machine in native code.
# See problematic frame for where to report the bug.
#

---------------  T H R E A D  ---------------

Current thread (0x000000000017f000):  JavaThread "main" [_thread_in_native, id=4344, stack(0x0000000002560000,0x0000000002660000)]

siginfo: ExceptionCode=0xc0000005, reading address 0x00000000585600a0

Registers:
RAX=0x0000000000000005, RBX=0x0000000000000006, RCX=0x0000000001df1008, RDX=0x0000000058560000
RSP=0x000000000265ee50, RBP=0x0000000000000001, RSI=0x0000000000000000, RDI=0x0000000001df2000
R8 =0x0000000001df2000, R9 =0x0000000000000000, R10=0x0000000058566240, R11=0x0000000001df1008
R12=0x000000000000002d, R13=0x000000000052f5f0, R14=0x0000000000000012, R15=0x0000000000000000
RIP=0x000007feddf63646, EFLAGS=0x0000000000010206

Top of Stack: (sp=0x000000000265ee50)
0x000000000265ee50:   0000000058566240 000007feddf52159
0x000000000265ee60:   00000000fffffff3 000000001220b000
0x000000000265ee70:   000000000000002d 0000000012201000
0x000000000265ee80:   0000000012201000 000007feddbc45be
0x000000000265ee90:   00000000fffffff3 000000001220b000
0x000000000265eea0:   000000001220b000 0000000000000012
0x000000000265eeb0:   000000003c200000 000000003c200000
0x000000000265eec0:   0000000000000000 0000000000000000
0x000000000265eed0:   0000000000000001 00000000fffffff3
0x000000000265eee0:   0000000000000002 000007feddbc4a80
0x000000000265eef0:   0000000e00000009 0000000000000200
0x000000000265ef00:   000000005a2e0484 0000000000000006
0x000000000265ef10:   0000000044160000 0000000000000000
0x000000000265ef20:   0000000000000000 0000000000000000
0x000000000265ef30:   0000000041200000 0000000000000000
0x000000000265ef40:   000000003c200000 0000000000000000 

Instructions: (pc=0x000007feddf63646)
0x000007feddf63626:   d2 0f 84 e1 00 00 00 48 89 5c 24 40 49 8b da 48
0x000007feddf63636:   2b da 48 c1 eb 0c 48 8b c3 48 2b 05 e2 29 02 00
0x000007feddf63646:   48 8b 4c c2 78 f6 c1 02 75 56 4d 85 c0 74 2b 48
0x000007feddf63656:   c1 e9 05 4d 8b c2 44 0f b6 c9 48 8b d7 49 8b cb 


Register to memory mapping:

RAX=0x0000000000000005 is an unknown value
RBX=0x0000000000000006 is an unknown value
RCX=0x0000000001df1008 is an unknown value
RDX=0x0000000058560000 is an unknown value
RSP=0x000000000265ee50 is pointing into the stack for thread: 0x000000000017f000
RBP=0x0000000000000001 is an unknown value
RSI=0x0000000000000000 is an unknown value
RDI=0x0000000001df2000 is an unknown value
R8 =0x0000000001df2000 is an unknown value
R9 =0x0000000000000000 is an unknown value
R10=0x0000000058566240 is an unknown value
R11=0x0000000001df1008 is an unknown value
R12=0x000000000000002d is an unknown value
R13=0x000000000052f5f0 is an unknown value
R14=0x0000000000000012 is an unknown value
R15=0x0000000000000000 is an unknown value


Stack: [0x0000000002560000,0x0000000002660000],  sp=0x000000000265ee50,  free space=1019k
Native frames: (J=compiled Java code, j=interpreted, Vv=VM code, C=native code)
C  [jemalloc.dll+0x13646]
C  [lwjgl_nanovg.dll+0x45be]
C  [lwjgl_nanovg.dll+0x58e9]
C  [lwjgl_nanovg.dll+0x6339]
C  [lwjgl_nanovg.dll+0x1c725]
C  [lwjgl_nanovg.dll+0x1f34b]
C  0x0000000002946527

Java frames: (J=compiled Java code, j=interpreted, Vv=VM code)
j  org.lwjgl.nanovg.NanoVG.nnvgTextBounds(JFFJJ[F)F+0
j  org.lwjgl.nanovg.NanoVG.nvgTextBounds(JFFLjava/lang/CharSequence;[F)F+61
j  graphics.Text.getTextSize()V+47
j  graphics.Text.<init>(FFLjava/lang/String;)V+52
j  gui.guiButton.<init>(FFLjava/lang/String;)V+32
j  menu.MainMenu.<init>()V+15
j  main.Main.init()V+140
j  main.Main.start()V+1
j  main.Main.main([Ljava/lang/String;)V+9
v  ~StubRoutines::call_stub

---------------  P R O C E S S  ---------------

Java Threads: ( => current thread )
  0x0000000056b10000 JavaThread "Service Thread" daemon [_thread_blocked, id=4540, stack(0x00000000571f0000,0x00000000572f0000)]
  0x0000000056a77000 JavaThread "C1 CompilerThread2" daemon [_thread_blocked, id=2648, stack(0x0000000057010000,0x0000000057110000)]
  0x0000000056a76000 JavaThread "C2 CompilerThread1" daemon [_thread_blocked, id=5804, stack(0x0000000056ec0000,0x0000000056fc0000)]
  0x000000005516b800 JavaThread "C2 CompilerThread0" daemon [_thread_blocked, id=5588, stack(0x0000000056970000,0x0000000056a70000)]
  0x0000000055169800 JavaThread "Attach Listener" daemon [_thread_blocked, id=6004, stack(0x00000000567c0000,0x00000000568c0000)]
  0x0000000055166800 JavaThread "Signal Dispatcher" daemon [_thread_blocked, id=4808, stack(0x0000000056510000,0x0000000056610000)]
  0x000000005514c800 JavaThread "Finalizer" daemon [_thread_blocked, id=8116, stack(0x0000000056050000,0x0000000056150000)]
  0x0000000055105000 JavaThread "Reference Handler" daemon [_thread_blocked, id=3296, stack(0x0000000056350000,0x0000000056450000)]
=>0x000000000017f000 JavaThread "main" [_thread_in_native, id=4344, stack(0x0000000002560000,0x0000000002660000)]

Other Threads:
  0x00000000550fd800 VMThread [stack: 0x00000000561e0000,0x00000000562e0000] [id=7408]
  0x0000000056b28000 WatcherThread [stack: 0x0000000057370000,0x0000000057470000] [id=4968]

VM state:not at safepoint (normal execution)

VM Mutex/Monitor currently owned by a thread: None

Heap:
 PSYoungGen      total 18944K, used 7131K [0x00000000eb000000, 0x00000000ec500000, 0x0000000100000000)
  eden space 16384K, 28% used [0x00000000eb000000,0x00000000eb47e950,0x00000000ec000000)
  from space 2560K, 98% used [0x00000000ec000000,0x00000000ec278628,0x00000000ec280000)
  to   space 2560K, 0% used [0x00000000ec280000,0x00000000ec280000,0x00000000ec500000)
 ParOldGen       total 44032K, used 399K [0x00000000c1000000, 0x00000000c3b00000, 0x00000000eb000000)
  object space 44032K, 0% used [0x00000000c1000000,0x00000000c1063ce8,0x00000000c3b00000)
 Metaspace       used 9724K, capacity 9895K, committed 10112K, reserved 1058816K
  class space    used 806K, capacity 879K, committed 896K, reserved 1048576K

Card table byte_map: [0x0000000011cf0000,0x0000000011ef0000] byte_map_base: 0x00000000116e8000

Marking Bits: (ParMarkBitMap*) 0x0000000057e5f860
 Begin Bits: [0x00000000125f0000, 0x00000000135b0000)
 End Bits:   [0x00000000135b0000, 0x0000000014570000)

Polling page: 0x0000000000150000

CodeCache: size=245760Kb used=3130Kb max_used=3130Kb free=242629Kb
 bounds [0x0000000002930000, 0x0000000002c40000, 0x0000000011930000]
 total_blobs=1603 nmethods=715 adapters=803
 compilation: enabled

Compilation events (10 events):
Event: 16.386 Thread 0x0000000056a77000  710       3       jdk.internal.org.objectweb.asm.Item::<init> (5 bytes)
Event: 16.387 Thread 0x0000000056a77000 nmethod 710 0x0000000002c3b610 code [0x0000000002c3b760, 0x0000000002c3b910]
Event: 16.387 Thread 0x0000000056a77000  711       3       jdk.internal.org.objectweb.asm.AnnotationWriter::<init> (34 bytes)
Event: 16.387 Thread 0x0000000056a77000 nmethod 711 0x0000000002c3b110 code [0x0000000002c3b280, 0x0000000002c3b508]
Event: 16.387 Thread 0x0000000056a77000  712       3       jdk.internal.org.objectweb.asm.AnnotationVisitor::<init> (7 bytes)
Event: 16.387 Thread 0x0000000056a77000 nmethod 712 0x0000000002c3eb10 code [0x0000000002c3eca0, 0x0000000002c3efe8]
Event: 16.388 Thread 0x0000000056a77000  714       3       java.lang.invoke.LambdaForm::internArgument (84 bytes)
Event: 16.388 Thread 0x0000000056a77000 nmethod 714 0x0000000002c3e290 code [0x0000000002c3e420, 0x0000000002c3e888]
Event: 16.388 Thread 0x0000000056a77000  715       3       jdk.internal.org.objectweb.asm.MethodWriter::visitAnnotation (82 bytes)
Event: 16.389 Thread 0x0000000056a77000 nmethod 715 0x0000000002c3f150 code [0x0000000002c3f320, 0x0000000002c3f9d8]

GC Heap History (2 events):
Event: 6.151 GC heap before
{Heap before GC invocations=1 (full 0):
 PSYoungGen      total 18944K, used 16384K [0x00000000eb000000, 0x00000000ec500000, 0x0000000100000000)
  eden space 16384K, 100% used [0x00000000eb000000,0x00000000ec000000,0x00000000ec000000)
  from space 2560K, 0% used [0x00000000ec280000,0x00000000ec280000,0x00000000ec500000)
  to   space 2560K, 0% used [0x00000000ec000000,0x00000000ec000000,0x00000000ec280000)
 ParOldGen       total 44032K, used 0K [0x00000000c1000000, 0x00000000c3b00000, 0x00000000eb000000)
  object space 44032K, 0% used [0x00000000c1000000,0x00000000c1000000,0x00000000c3b00000)
 Metaspace       used 8043K, capacity 8163K, committed 8448K, reserved 1056768K
  class space    used 656K, capacity 731K, committed 768K, reserved 1048576K
Event: 6.157 GC heap after
Heap after GC invocations=1 (full 0):
 PSYoungGen      total 18944K, used 2529K [0x00000000eb000000, 0x00000000ec500000, 0x0000000100000000)
  eden space 16384K, 0% used [0x00000000eb000000,0x00000000eb000000,0x00000000ec000000)
  from space 2560K, 98% used [0x00000000ec000000,0x00000000ec278628,0x00000000ec280000)
  to   space 2560K, 0% used [0x00000000ec280000,0x00000000ec280000,0x00000000ec500000)
 ParOldGen       total 44032K, used 399K [0x00000000c1000000, 0x00000000c3b00000, 0x00000000eb000000)
  object space 44032K, 0% used [0x00000000c1000000,0x00000000c1063ce8,0x00000000c3b00000)
 Metaspace       used 8043K, capacity 8163K, committed 8448K, reserved 1056768K
  class space    used 656K, capacity 731K, committed 768K, reserved 1048576K
}

Deoptimization events (3 events):
Event: 0.162 Thread 0x000000000017f000 Uncommon trap: reason=unstable_if action=reinterpret pc=0x0000000002a47f68 method=java.lang.String.hashCode()I @ 14
Event: 6.204 Thread 0x000000000017f000 Uncommon trap: reason=unstable_if action=reinterpret pc=0x0000000002bab214 method=java.util.HashMap.getNode(ILjava/lang/Object;)Ljava/util/HashMap$Node; @ 116
Event: 6.209 Thread 0x000000000017f000 Uncommon trap: reason=unstable_if action=reinterpret pc=0x0000000002baa62c method=java.util.HashMap.getNode(ILjava/lang/Object;)Ljava/util/HashMap$Node; @ 116

Classes redefined (0 events):
No events

Internal exceptions (10 events):
Event: 6.266 Thread 0x000000000017f000 Exception <a 'sun/nio/fs/WindowsException'> (0x00000000eb1bcc20) thrown at [C:\re\workspace\8-2-build-windows-amd64-cygwin\jdk8u161\10277\hotspot\src\share\vm\prims\jni.cpp, line 709]
Event: 6.266 Thread 0x000000000017f000 Exception <a 'sun/nio/fs/WindowsException'> (0x00000000eb1bcfd8) thrown at [C:\re\workspace\8-2-build-windows-amd64-cygwin\jdk8u161\10277\hotspot\src\share\vm\prims\jni.cpp, line 709]
Event: 6.269 Thread 0x000000000017f000 Exception <a 'sun/nio/fs/WindowsException'> (0x00000000eb1c25c0) thrown at [C:\re\workspace\8-2-build-windows-amd64-cygwin\jdk8u161\10277\hotspot\src\share\vm\prims\jni.cpp, line 709]
Event: 6.269 Thread 0x000000000017f000 Exception <a 'sun/nio/fs/WindowsException'> (0x00000000eb1c2978) thrown at [C:\re\workspace\8-2-build-windows-amd64-cygwin\jdk8u161\10277\hotspot\src\share\vm\prims\jni.cpp, line 709]
Event: 6.270 Thread 0x000000000017f000 Exception <a 'sun/nio/fs/WindowsException'> (0x00000000eb1c7f60) thrown at [C:\re\workspace\8-2-build-windows-amd64-cygwin\jdk8u161\10277\hotspot\src\share\vm\prims\jni.cpp, line 709]
Event: 6.270 Thread 0x000000000017f000 Exception <a 'sun/nio/fs/WindowsException'> (0x00000000eb1c8318) thrown at [C:\re\workspace\8-2-build-windows-amd64-cygwin\jdk8u161\10277\hotspot\src\share\vm\prims\jni.cpp, line 709]
Event: 6.274 Thread 0x000000000017f000 Exception <a 'sun/nio/fs/WindowsException'> (0x00000000eb1cd900) thrown at [C:\re\workspace\8-2-build-windows-amd64-cygwin\jdk8u161\10277\hotspot\src\share\vm\prims\jni.cpp, line 709]
Event: 6.274 Thread 0x000000000017f000 Exception <a 'sun/nio/fs/WindowsException'> (0x00000000eb1cdcb8) thrown at [C:\re\workspace\8-2-build-windows-amd64-cygwin\jdk8u161\10277\hotspot\src\share\vm\prims\jni.cpp, line 709]
Event: 6.277 Thread 0x000000000017f000 Exception <a 'sun/nio/fs/WindowsException'> (0x00000000eb1d32a0) thrown at [C:\re\workspace\8-2-build-windows-amd64-cygwin\jdk8u161\10277\hotspot\src\share\vm\prims\jni.cpp, line 709]
Event: 6.277 Thread 0x000000000017f000 Exception <a 'sun/nio/fs/WindowsException'> (0x00000000eb1d3658) thrown at [C:\re\workspace\8-2-build-windows-amd64-cygwin\jdk8u161\10277\hotspot\src\share\vm\prims\jni.cpp, line 709]

Events (10 events):
Event: 16.395 loading class org/lwjgl/glfw/GLFWMouseButtonCallback
Event: 16.395 loading class org/lwjgl/glfw/GLFWMouseButtonCallback done
Event: 16.396 loading class org/lwjgl/glfw/GLFWMouseButtonCallback$Container
Event: 16.396 loading class org/lwjgl/glfw/GLFWMouseButtonCallback$Container done
Event: 16.396 loading class menu/MainMenu
Event: 16.396 loading class menu/MainMenu done
Event: 16.412 loading class gui/guiButton
Event: 16.412 loading class gui/guiButton done
Event: 17.175 loading class graphics/Text
Event: 17.175 loading class graphics/Text done


Dynamic libraries:
0x000000013fc30000 - 0x000000013fc67000 	C:\Program Files\Java\jre1.8.0_161\bin\javaw.exe
0x0000000077580000 - 0x000000007772a000 	C:\Windows\SYSTEM32\ntdll.dll
0x000007fefa4a0000 - 0x000007fefa4d4000 	C:\Program Files\AVAST Software\Avast\x64\aswhooka.dll
0x0000000077360000 - 0x000000007747f000 	C:\Windows\system32\kernel32.dll
0x000007fefd490000 - 0x000007fefd4fa000 	C:\Windows\system32\KERNELBASE.dll
0x000007fefda00000 - 0x000007fefdadb000 	C:\Windows\system32\ADVAPI32.dll
0x000007fefef40000 - 0x000007fefefdf000 	C:\Windows\system32\msvcrt.dll
0x000007feff660000 - 0x000007feff67f000 	C:\Windows\SYSTEM32\sechost.dll
0x000007fefd8a0000 - 0x000007fefd9cd000 	C:\Windows\system32\RPCRT4.dll
0x0000000077480000 - 0x000000007757a000 	C:\Windows\system32\USER32.dll
0x000007fefd740000 - 0x000007fefd7a7000 	C:\Windows\system32\GDI32.dll
0x000007feff4c0000 - 0x000007feff4ce000 	C:\Windows\system32\LPK.dll
0x000007feff260000 - 0x000007feff32a000 	C:\Windows\system32\USP10.dll
0x000007fefb8d0000 - 0x000007fefbac4000 	C:\Windows\WinSxS\amd64_microsoft.windows.common-controls_6595b64144ccf1df_6.0.7601.18837_none_fa3b1e3d17594757\COMCTL32.dll
0x000007fefd6c0000 - 0x000007fefd731000 	C:\Windows\system32\SHLWAPI.dll
0x000007fefd9d0000 - 0x000007fefd9fe000 	C:\Windows\system32\IMM32.DLL
0x000007feff550000 - 0x000007feff659000 	C:\Windows\system32\MSCTF.dll
0x0000000079160000 - 0x0000000079232000 	C:\Program Files\Java\jre1.8.0_161\bin\msvcr100.dll
0x0000000057640000 - 0x0000000057edf000 	C:\Program Files\Java\jre1.8.0_161\bin\server\jvm.dll
0x000007fef0180000 - 0x000007fef0189000 	C:\Windows\system32\WSOCK32.dll
0x000007fefd850000 - 0x000007fefd89d000 	C:\Windows\system32\WS2_32.dll
0x000007fefde70000 - 0x000007fefde78000 	C:\Windows\system32\NSI.dll
0x000007fefb300000 - 0x000007fefb33b000 	C:\Windows\system32\WINMM.dll
0x000007fefc3a0000 - 0x000007fefc3ac000 	C:\Windows\system32\VERSION.dll
0x0000000077750000 - 0x0000000077757000 	C:\Windows\system32\PSAPI.DLL
0x00000000608a0000 - 0x00000000608af000 	C:\Program Files\Java\jre1.8.0_161\bin\verify.dll
0x0000000060610000 - 0x0000000060639000 	C:\Program Files\Java\jre1.8.0_161\bin\java.dll
0x000000005fd70000 - 0x000000005fd86000 	C:\Program Files\Java\jre1.8.0_161\bin\zip.dll
0x000007fefe1b0000 - 0x000007fefef3a000 	C:\Windows\system32\SHELL32.dll
0x000007feff680000 - 0x000007feff883000 	C:\Windows\system32\ole32.dll
0x000007fefd310000 - 0x000007fefd31f000 	C:\Windows\system32\profapi.dll
0x000000005fd50000 - 0x000000005fd6a000 	C:\Program Files\Java\jre1.8.0_161\bin\net.dll
0x000007fefcaa0000 - 0x000007fefcaf5000 	C:\Windows\system32\mswsock.dll
0x000007fefca90000 - 0x000007fefca97000 	C:\Windows\System32\wship6.dll
0x000000005fd30000 - 0x000000005fd41000 	C:\Program Files\Java\jre1.8.0_161\bin\nio.dll
0x000007fee8360000 - 0x000007fee83b7000 	C:\Users\vv\AppData\Local\Temp\lwjglvv\3.1.1-build-16\lwjgl.dll
0x000007fef3c80000 - 0x000007fef3c83000 	C:\Windows\system32\api-ms-win-core-synch-l1-2-0.DLL
0x000007fee82a0000 - 0x000007fee82dc000 	C:\Users\vv\AppData\Local\Temp\lwjglvv\3.1.1-build-16\glfw.dll
0x000007fefb870000 - 0x000007fefb8c6000 	C:\Windows\system32\uxtheme.dll
0x000007fee8260000 - 0x000007fee829c000 	C:\Windows\system32\dinput8.dll
0x0000000000400000 - 0x000000000041e000 	C:\Windows\system32\xinput1_3.dll
0x000007feff080000 - 0x000007feff257000 	C:\Windows\system32\SETUPAPI.dll
0x000007fefd640000 - 0x000007fefd676000 	C:\Windows\system32\CFGMGR32.dll
0x000007fefdd90000 - 0x000007fefde68000 	C:\Windows\system32\OLEAUT32.dll
0x000007fefd500000 - 0x000007fefd51a000 	C:\Windows\system32\DEVOBJ.dll
0x000007fefaf80000 - 0x000007fefaf98000 	C:\Windows\system32\dwmapi.dll
0x000007fefafd0000 - 0x000007fefafdb000 	C:\Windows\system32\HID.DLL
0x000007fefd680000 - 0x000007fefd6bb000 	C:\Windows\system32\WINTRUST.dll
0x000007fefd320000 - 0x000007fefd48d000 	C:\Windows\system32\CRYPT32.dll
0x000007fefd300000 - 0x000007fefd30f000 	C:\Windows\system32\MSASN1.dll
0x000007feddc90000 - 0x000007fedddad000 	C:\Windows\system32\opengl32.dll
0x000007feddf90000 - 0x000007feddfbd000 	C:\Windows\system32\GLU32.dll
0x000007fedab20000 - 0x000007fedac11000 	C:\Windows\system32\DDRAW.dll
0x000007fefa900000 - 0x000007fefa908000 	C:\Windows\system32\DCIMAN32.dll
0x0000000068b00000 - 0x000000006ad72000 	C:\Windows\system32\nvoglv64.DLL
0x000007fefafe0000 - 0x000007fefaff1000 	C:\Windows\system32\WTSAPI32.dll
0x000007fefbad0000 - 0x000007fefbafd000 	C:\Windows\system32\ntmarta.dll
0x000007fefde80000 - 0x000007fefded2000 	C:\Windows\system32\WLDAP32.dll
0x000007fef2240000 - 0x000007fef241c000 	C:\Windows\system32\nvspcap64.dll
0x000007fef9bc0000 - 0x000007fef9c31000 	C:\Windows\system32\WINHTTP.dll
0x000007fef9b30000 - 0x000007fef9b94000 	C:\Windows\system32\webio.dll
0x000007fefd230000 - 0x000007fefd26d000 	C:\Windows\system32\WINSTA.dll
0x000007fefd160000 - 0x000007fefd16f000 	C:\Windows\system32\CRYPTBASE.dll
0x000007feddc30000 - 0x000007feddc8f000 	C:\Users\vv\AppData\Local\Temp\lwjglvv\3.1.1-build-16\lwjgl_opengl.dll
0x000007feddbc0000 - 0x000007feddc21000 	C:\Users\vv\AppData\Local\Temp\lwjglvv\3.1.1-build-16\lwjgl_nanovg.dll
0x000007feddf50000 - 0x000007feddf8e000 	C:\Users\vv\AppData\Local\Temp\lwjglvv\3.1.1-build-16\jemalloc.dll
0x000000006ca00000 - 0x000000006cb98000 	C:\Program Files\Java\jre1.8.0_161\bin\awt.dll
0x000007fef8d80000 - 0x000007fef8ea5000 	C:\Windows\system32\dbghelp.dll

VM Arguments:
jvm_args: -Dfile.encoding=Cp1252 
java_command: main.Main
java_class_path (initial): C:\Users\vv\git\Project-4X\bin;C:\Users\vv\git\Project-4X\libraries\joml-1.9.1-sources.jar;C:\Users\vv\git\Project-4X\libraries\joml-1.9.1.jar;C:\Users\vv\git\Project-4X\libraries\lwjgl-assimp-javadoc.jar;C:\Users\vv\git\Project-4X\libraries\lwjgl-assimp-natives-windows.jar;C:\Users\vv\git\Project-4X\libraries\lwjgl-assimp-sources.jar;C:\Users\vv\git\Project-4X\libraries\lwjgl-assimp.jar;C:\Users\vv\git\Project-4X\libraries\lwjgl-bgfx-javadoc.jar;C:\Users\vv\git\Project-4X\libraries\lwjgl-bgfx-natives-windows.jar;C:\Users\vv\git\Project-4X\libraries\lwjgl-bgfx-sources.jar;C:\Users\vv\git\Project-4X\libraries\lwjgl-bgfx.jar;C:\Users\vv\git\Project-4X\libraries\lwjgl-egl-javadoc.jar;C:\Users\vv\git\Project-4X\libraries\lwjgl-egl-sources.jar;C:\Users\vv\git\Project-4X\libraries\lwjgl-egl.jar;C:\Users\vv\git\Project-4X\libraries\lwjgl-glfw-javadoc.jar;C:\Users\vv\git\Project-4X\libraries\lwjgl-glfw-natives-windows.jar;C:\Users\vv\git\Project-4X\libraries\lwjgl-glfw-sources.jar;C:\Users\vv\git\Project-4X\libraries\lwjgl-glfw.jar;C:\Users\vv\git\Project-4X\libraries\lwjgl-javadoc.jar;C:\Users\vv\git\Project-4X\libraries\lwjgl-jawt-javadoc.jar;C:\Users\vv\git\Project-4X\libraries\lwjgl-jawt-sources.jar;C:\Users\vv\git\Project-4X\libraries\lwjgl-jawt.jar;C:\Users\vv\git\Project-4X\libraries\lwjgl-jemalloc-javadoc.jar;C:\Users\vv\git\Project-4X\libraries\lwjgl-jemalloc-natives-windows.jar;C:\Users\vv\git\Project-4X\libraries\lwjgl-jemalloc-sources.jar;C:\Users\vv\git\Project-4X\libraries\lwjgl-jemalloc.jar;C:\Users\vv\git\Project-4X\libraries\lwjgl-lmdb-javadoc.jar;C:\Users\vv\git\Project-4X\libraries\lwjgl-lmdb-natives-windows.jar;C:\Users\vv\git\Project-4X\libraries\lwjgl-lmdb-sources.jar;C:\Users\vv\git\Project-4X\libraries\lwjgl-lmdb.jar;C:\Users\vv\git\Project-4X\libraries\lwjgl-nanovg-javadoc.jar;C:\Users\vv\git\Project-4X\libraries\lwjgl-nanovg-natives-windows.jar;C:\Users\vv\git\Project-4X\libraries\lwjgl-nanovg-sources.jar;C:\Users\vv\gi
Launcher Type: SUN_STANDARD

Environment Variables:
PATH=C:/Program Files/Java/jre1.8.0_161/bin/server;C:/Program Files/Java/jre1.8.0_161/bin;C:/Program Files/Java/jre1.8.0_161/lib/amd64;D:\Komodo Edit\;D:\jet\bin;C:\ProgramData\Oracle\Java\javapath;C:\Windows\System32;C:\Program Files (x86)\CMake\bin;C:\MinGW\bin;C:\Program Files (x86)\GnuWin32\bin;C:\Program Files (x86)\GtkSharp\2.12\bin;C:\Program Files (x86)\Windows Kits\8.1\Windows Performance Toolkit\;C:\Program Files\Microsoft SQL Server\110\Tools\Binn\;D:\Dwimperl\perl\bin;D:\Dwimperl\perl\site\bin;D:\Dwimperl\c\bin;D:\SFML;C:\Program Files (x86)\NVIDIA Corporation\PhysX\Common;D:\Libs\lwjgl-3.1.0;C:\Program Files (x86)\Skype\Phone\;C:\Program Files (x86)\OpenVPN\bin;D:\Microsoft VS Code\bin;C:\Program Files (x86)\Nmap;D:\Libs\lwjgl-3.1.0;;C:\Windows\system32;
USERNAME=vv
OS=Windows_NT
PROCESSOR_IDENTIFIER=Intel64 Family 6 Model 23 Stepping 10, GenuineIntel



---------------  S Y S T E M  ---------------

OS: Windows 7 , 64 bit Build 7601 (6.1.7601.23418)

CPU:total 4 (initial active 4) (4 cores per cpu, 1 threads per core) family 6 model 23 stepping 10, cmov, cx8, fxsr, mmx, sse, sse2, sse3, ssse3, sse4.1, tsc

Memory: 4k page, physical 4123900k(375116k free), swap 8245940k(3326576k free)

vm_info: Java HotSpot(TM) 64-Bit Server VM (25.161-b12) for windows-amd64 JRE (1.8.0_161-b12), built on Dec 19 2017 17:52:25 by "java_re" with MS VC++ 10.0 (VS2010)

time: Fri Apr 06 17:15:58 2018
elapsed time: 18 seconds (0d 0h 0m 18s)

