#
# A fatal error has been detected by the Java Runtime Environment:
#
#  EXCEPTION_ACCESS_VIOLATION (0xc0000005) at pc=0x0000000000000000, pid=5568, tid=0x000000000000034c
#
# JRE version: Java(TM) SE Runtime Environment (8.0_141-b15) (build 1.8.0_141-b15)
# Java VM: Java HotSpot(TM) 64-Bit Server VM (25.141-b15 mixed mode windows-amd64 compressed oops)
# Problematic frame:
# C  0x0000000000000000
#
# Failed to write core dump. Minidumps are not enabled by default on client versions of Windows
#
# If you would like to submit a bug report, please visit:
#   http://bugreport.java.com/bugreport/crash.jsp
# The crash happened outside the Java Virtual Machine in native code.
# See problematic frame for where to report the bug.
#

---------------  T H R E A D  ---------------

Current thread (0x000000000221e800):  JavaThread "main" [_thread_in_native, id=844, stack(0x00000000023a0000,0x00000000024a0000)]

siginfo: ExceptionCode=0xc0000005, ExceptionInformation=0x0000000000000008 0x0000000000000000

Registers:
RAX=0x00000000577340d0, RBX=0x0000000054ad52c8, RCX=0x0000000000000204, RDX=0x00000000577606b0
RSP=0x000000000249f3c8, RBP=0x000000000249f448, RSI=0x00000000545e0468, RDI=0x0000000002778071
R8 =0x0000000000000204, R9 =0x0000000002217840, R10=0x0000000002785988, R11=0x000000005b8dbc50
R12=0x0000000000000000, R13=0x0000000054ad52c8, R14=0x000000000249f470, R15=0x000000000221e800
RIP=0x0000000000000000, EFLAGS=0x0000000000010206

Top of Stack: (sp=0x000000000249f3c8)
0x000000000249f3c8:   00000000027859b4 0000000002778071
0x000000000249f3d8:   000000000278572b 000000000221e800
0x000000000249f3e8:   0000000054ad52c8 00000000545e0468
0x000000000249f3f8:   000000000221e800 00000000027856e2
0x000000000249f408:   000000000249f408 0000000054ad52c8
0x000000000249f418:   000000000249f470 0000000054b018e8
0x000000000249f428:   0000000000000000 0000000054ad52c8
0x000000000249f438:   0000000000000000 000000000249f468
0x000000000249f448:   000000000249f4b8 0000000002778071
0x000000000249f458:   00000000ec02cde0 00000000027816f8
0x000000000249f468:   000000003dcccccd 0000000000000204
0x000000000249f478:   000000000249f478 0000000054ad5362
0x000000000249f488:   000000000249f4d0 0000000054b018e8
0x000000000249f498:   0000000000000000 0000000054ad5388
0x000000000249f4a8:   000000000249f468 000000000249f4c8
0x000000000249f4b8:   000000000249f518 0000000002778071 

Instructions: (pc=0x0000000000000000)
0xffffffffffffffe0:   


Register to memory mapping:

RAX=0x00000000577340d0 is an unknown value
RBX={method} {0x0000000054ad52d0} 'nglAlphaFunc' '(IF)V' in 'org/lwjgl/opengl/GL11'
RCX=0x0000000000000204 is an unknown value
RDX=0x00000000577606b0 is an unknown value
RSP=0x000000000249f3c8 is pointing into the stack for thread: 0x000000000221e800
RBP=0x000000000249f448 is pointing into the stack for thread: 0x000000000221e800
RSI={method} {0x00000000545e0470} '<init>' '()V' in 'java/lang/Object'
RDI=0x0000000002778071 is at code_begin+2289 in an Interpreter codelet
invoke return entry points  [0x0000000002777780, 0x0000000002778160]  2528 bytes
R8 =0x0000000000000204 is an unknown value
R9 =0x0000000002217840 is an unknown value
R10=0x0000000002785988 is at code_begin+840 in an Interpreter codelet
method entry point (kind = native)  [0x0000000002785640, 0x0000000002785fa0]  2400 bytes
R11=0x000000005b8dbc50 is an unknown value
R12=0x0000000000000000 is an unknown value
R13={method} {0x0000000054ad52d0} 'nglAlphaFunc' '(IF)V' in 'org/lwjgl/opengl/GL11'
R14=0x000000000249f470 is pointing into the stack for thread: 0x000000000221e800
R15=0x000000000221e800 is a thread


Stack: [0x00000000023a0000,0x00000000024a0000],  sp=0x000000000249f3c8,  free space=1020k
Native frames: (J=compiled Java code, j=interpreted, Vv=VM code, C=native code)

Java frames: (J=compiled Java code, j=interpreted, Vv=VM code)
j  org.lwjgl.opengl.GL11.nglAlphaFunc(IF)V+0
j  org.lwjgl.opengl.GL11.glAlphaFunc(IF)V+2
j  main.Main.init()V+178
j  main.Main.start()V+1
j  main.Main.main([Ljava/lang/String;)V+9
v  ~StubRoutines::call_stub

---------------  P R O C E S S  ---------------

Java Threads: ( => current thread )
  0x0000000057a39800 JavaThread "AWT-Windows" daemon [_thread_in_native, id=2352, stack(0x00000000610f0000,0x00000000611f0000)]
  0x0000000057a38800 JavaThread "AWT-Shutdown" [_thread_blocked, id=6672, stack(0x00000000611f0000,0x00000000612f0000)]
  0x000000005fd00800 JavaThread "Java2D Disposer" daemon [_thread_blocked, id=6908, stack(0x0000000060d80000,0x0000000060e80000)]
  0x0000000056b8d800 JavaThread "Service Thread" daemon [_thread_blocked, id=2396, stack(0x0000000057070000,0x0000000057170000)]
  0x0000000056b72000 JavaThread "C1 CompilerThread2" daemon [_thread_blocked, id=748, stack(0x0000000056f70000,0x0000000057070000)]
  0x0000000054fdc800 JavaThread "C2 CompilerThread1" daemon [_thread_blocked, id=6068, stack(0x0000000056a20000,0x0000000056b20000)]
  0x0000000054fd8800 JavaThread "C2 CompilerThread0" daemon [_thread_blocked, id=5064, stack(0x00000000567f0000,0x00000000568f0000)]
  0x0000000054fd7000 JavaThread "Attach Listener" daemon [_thread_blocked, id=6612, stack(0x00000000566d0000,0x00000000567d0000)]
  0x0000000054fd3800 JavaThread "Signal Dispatcher" daemon [_thread_blocked, id=6088, stack(0x0000000056520000,0x0000000056620000)]
  0x0000000054fbc000 JavaThread "Finalizer" daemon [_thread_blocked, id=7076, stack(0x0000000056320000,0x0000000056420000)]
  0x0000000054f74800 JavaThread "Reference Handler" daemon [_thread_blocked, id=4236, stack(0x0000000056030000,0x0000000056130000)]
=>0x000000000221e800 JavaThread "main" [_thread_in_native, id=844, stack(0x00000000023a0000,0x00000000024a0000)]

Other Threads:
  0x0000000054f6d000 VMThread [stack: 0x0000000056190000,0x0000000056290000] [id=6700]
  0x0000000056ba2000 WatcherThread [stack: 0x00000000572c0000,0x00000000573c0000] [id=5832]

VM state:not at safepoint (normal execution)

VM Mutex/Monitor currently owned by a thread: None

Heap:
 PSYoungGen      total 18944K, used 12561K [0x00000000eb000000, 0x00000000ec500000, 0x0000000100000000)
  eden space 16384K, 61% used [0x00000000eb000000,0x00000000eb9c7f40,0x00000000ec000000)
  from space 2560K, 99% used [0x00000000ec000000,0x00000000ec27c7d0,0x00000000ec280000)
  to   space 2560K, 0% used [0x00000000ec280000,0x00000000ec280000,0x00000000ec500000)
 ParOldGen       total 44032K, used 609K [0x00000000c1000000, 0x00000000c3b00000, 0x00000000eb000000)
  object space 44032K, 1% used [0x00000000c1000000,0x00000000c10987d0,0x00000000c3b00000)
 Metaspace       used 12349K, capacity 12577K, committed 12800K, reserved 1060864K
  class space    used 1160K, capacity 1238K, committed 1280K, reserved 1048576K

Card table byte_map: [0x0000000011b30000,0x0000000011d30000] byte_map_base: 0x0000000011528000

Marking Bits: (ParMarkBitMap*) 0x000000005becd850
 Begin Bits: [0x0000000012460000, 0x0000000013420000)
 End Bits:   [0x0000000013420000, 0x00000000143e0000)

Polling page: 0x0000000000340000

CodeCache: size=245760Kb used=3904Kb max_used=3917Kb free=241856Kb
 bounds [0x0000000002770000, 0x0000000002b50000, 0x0000000011770000]
 total_blobs=1923 nmethods=947 adapters=891
 compilation: enabled

Compilation events (10 events):
Event: 3.714 Thread 0x0000000056b72000  941       1       graphics.TextFont::getHeight (5 bytes)
Event: 3.715 Thread 0x0000000056b72000 nmethod 941 0x0000000002b3a0d0 code [0x0000000002b3a220, 0x0000000002b3a330]
Event: 3.715 Thread 0x0000000056b72000  944       3       graphics.TextFont::getCharInfo (17 bytes)
Event: 3.715 Thread 0x0000000056b72000 nmethod 944 0x0000000002b39810 code [0x0000000002b399a0, 0x0000000002b39e68]
Event: 3.715 Thread 0x0000000056b72000  946       3       java.lang.Float::floatValue (5 bytes)
Event: 3.715 Thread 0x0000000056b72000 nmethod 946 0x0000000002b39510 code [0x0000000002b39660, 0x0000000002b397b0]
Event: 3.715 Thread 0x0000000056b72000  945       1       java.lang.Character::charValue (5 bytes)
Event: 3.715 Thread 0x0000000056b72000 nmethod 945 0x0000000002b39250 code [0x0000000002b393a0, 0x0000000002b394b0]
Event: 3.715 Thread 0x0000000056b72000  947       1       java.lang.Float::floatValue (5 bytes)
Event: 3.715 Thread 0x0000000056b72000 nmethod 947 0x0000000002b38f90 code [0x0000000002b390e0, 0x0000000002b391f0]

GC Heap History (2 events):
Event: 2.939 GC heap before
{Heap before GC invocations=1 (full 0):
 PSYoungGen      total 18944K, used 16384K [0x00000000eb000000, 0x00000000ec500000, 0x0000000100000000)
  eden space 16384K, 100% used [0x00000000eb000000,0x00000000ec000000,0x00000000ec000000)
  from space 2560K, 0% used [0x00000000ec280000,0x00000000ec280000,0x00000000ec500000)
  to   space 2560K, 0% used [0x00000000ec000000,0x00000000ec000000,0x00000000ec280000)
 ParOldGen       total 44032K, used 0K [0x00000000c1000000, 0x00000000c3b00000, 0x00000000eb000000)
  object space 44032K, 0% used [0x00000000c1000000,0x00000000c1000000,0x00000000c3b00000)
 Metaspace       used 7960K, capacity 8165K, committed 8320K, reserved 1056768K
  class space    used 695K, capacity 770K, committed 896K, reserved 1048576K
Event: 2.945 GC heap after
Heap after GC invocations=1 (full 0):
 PSYoungGen      total 18944K, used 2545K [0x00000000eb000000, 0x00000000ec500000, 0x0000000100000000)
  eden space 16384K, 0% used [0x00000000eb000000,0x00000000eb000000,0x00000000ec000000)
  from space 2560K, 99% used [0x00000000ec000000,0x00000000ec27c7d0,0x00000000ec280000)
  to   space 2560K, 0% used [0x00000000ec280000,0x00000000ec280000,0x00000000ec500000)
 ParOldGen       total 44032K, used 609K [0x00000000c1000000, 0x00000000c3b00000, 0x00000000eb000000)
  object space 44032K, 1% used [0x00000000c1000000,0x00000000c10987d0,0x00000000c3b00000)
 Metaspace       used 7960K, capacity 8165K, committed 8320K, reserved 1056768K
  class space    used 695K, capacity 770K, committed 896K, reserved 1048576K
}

Deoptimization events (4 events):
Event: 3.001 Thread 0x000000000221e800 Uncommon trap: reason=unstable_if action=reinterpret pc=0x0000000002a10b00 method=java.util.HashMap.getNode(ILjava/lang/Object;)Ljava/util/HashMap$Node; @ 116
Event: 3.007 Thread 0x000000000221e800 Uncommon trap: reason=unstable_if action=reinterpret pc=0x0000000002a092a0 method=java.util.HashMap.getNode(ILjava/lang/Object;)Ljava/util/HashMap$Node; @ 116
Event: 3.346 Thread 0x000000000221e800 Uncommon trap: reason=unstable_if action=reinterpret pc=0x0000000002959468 method=java.lang.String.indexOf([CII[CIII)I @ 3
Event: 3.603 Thread 0x000000000221e800 Uncommon trap: reason=unstable_if action=reinterpret pc=0x0000000002b1e348 method=java.io.WinNTFileSystem.normalize(Ljava/lang/String;)Ljava/lang/String; @ 128

Internal exceptions (10 events):
Event: 0.364 Thread 0x000000000221e800 Exception <a 'java/lang/NoSuchFieldError': method resolution failed> (0x00000000eb4dcef0) thrown at [C:\re\workspace\8-2-build-windows-amd64-cygwin\jdk8u141\9370\hotspot\src\share\vm\prims\methodHandles.cpp, line 1146]
Event: 0.374 Thread 0x000000000221e800 Exception <a 'java/lang/NoSuchFieldError': method resolution failed> (0x00000000eb4ea5f0) thrown at [C:\re\workspace\8-2-build-windows-amd64-cygwin\jdk8u141\9370\hotspot\src\share\vm\prims\methodHandles.cpp, line 1146]
Event: 2.645 Thread 0x000000000221e800 Exception <a 'sun/nio/fs/WindowsException'> (0x00000000eb757a70) thrown at [C:\re\workspace\8-2-build-windows-amd64-cygwin\jdk8u141\9370\hotspot\src\share\vm\prims\jni.cpp, line 709]
Event: 2.646 Thread 0x000000000221e800 Exception <a 'sun/nio/fs/WindowsException'> (0x00000000eb758218) thrown at [C:\re\workspace\8-2-build-windows-amd64-cygwin\jdk8u141\9370\hotspot\src\share\vm\prims\jni.cpp, line 709]
Event: 2.647 Thread 0x000000000221e800 Exception <a 'sun/nio/fs/WindowsException'> (0x00000000eb75a5b0) thrown at [C:\re\workspace\8-2-build-windows-amd64-cygwin\jdk8u141\9370\hotspot\src\share\vm\prims\jni.cpp, line 709]
Event: 2.648 Thread 0x000000000221e800 Exception <a 'sun/nio/fs/WindowsException'> (0x00000000eb75aad8) thrown at [C:\re\workspace\8-2-build-windows-amd64-cygwin\jdk8u141\9370\hotspot\src\share\vm\prims\jni.cpp, line 709]
Event: 2.648 Thread 0x000000000221e800 Exception <a 'sun/nio/fs/WindowsException'> (0x00000000eb75b4b0) thrown at [C:\re\workspace\8-2-build-windows-amd64-cygwin\jdk8u141\9370\hotspot\src\share\vm\prims\jni.cpp, line 709]
Event: 2.648 Thread 0x000000000221e800 Exception <a 'sun/nio/fs/WindowsException'> (0x00000000eb75b940) thrown at [C:\re\workspace\8-2-build-windows-amd64-cygwin\jdk8u141\9370\hotspot\src\share\vm\prims\jni.cpp, line 709]
Event: 2.953 Thread 0x000000000221e800 Exception <a 'java/io/FileNotFoundException'> (0x00000000eb008910) thrown at [C:\re\workspace\8-2-build-windows-amd64-cygwin\jdk8u141\9370\hotspot\src\share\vm\prims\jni.cpp, line 709]
Event: 3.169 Thread 0x000000000221e800 Exception <a 'java/io/FileNotFoundException'> (0x00000000eb6d01c0) thrown at [C:\re\workspace\8-2-build-windows-amd64-cygwin\jdk8u141\9370\hotspot\src\share\vm\prims\jni.cpp, line 709]

Events (10 events):
Event: 3.613 loading class java/awt/image/ComponentSampleModel done
Event: 3.613 loading class java/awt/image/PixelInterleavedSampleModel done
Event: 3.652 Thread 0x000000000221e800 DEOPT PACKING pc=0x0000000002b31f67 sp=0x000000000249ed80
Event: 3.652 Thread 0x000000000221e800 DEOPT UNPACKING pc=0x00000000027b71bf sp=0x000000000249ea70 mode 0
Event: 3.660 Thread 0x000000000221e800 DEOPT PACKING pc=0x0000000002b31f67 sp=0x000000000249ed80
Event: 3.660 Thread 0x000000000221e800 DEOPT UNPACKING pc=0x00000000027b71bf sp=0x000000000249ea70 mode 0
Event: 3.710 loading class java/io/RandomAccessFile$1
Event: 3.711 loading class java/io/RandomAccessFile$1 done
Event: 3.713 loading class graphics/TextItem
Event: 3.713 loading class graphics/TextItem done


Dynamic libraries:
0x000000013f520000 - 0x000000013f557000 	C:\Program Files\Java\jre1.8.0_141\bin\javaw.exe
0x0000000077bc0000 - 0x0000000077d6a000 	C:\Windows\SYSTEM32\ntdll.dll
0x000007feeb760000 - 0x000007feeb793000 	C:\Program Files\AVAST Software\Avast\x64\aswhooka.dll
0x00000000779a0000 - 0x0000000077abf000 	C:\Windows\system32\kernel32.dll
0x000007fefdb40000 - 0x000007fefdbaa000 	C:\Windows\system32\KERNELBASE.dll
0x000007fefdde0000 - 0x000007fefdebb000 	C:\Windows\system32\ADVAPI32.dll
0x000007feffe10000 - 0x000007feffeaf000 	C:\Windows\system32\msvcrt.dll
0x000007fefec60000 - 0x000007fefec7f000 	C:\Windows\SYSTEM32\sechost.dll
0x000007feffa50000 - 0x000007feffb7d000 	C:\Windows\system32\RPCRT4.dll
0x0000000077ac0000 - 0x0000000077bba000 	C:\Windows\system32\USER32.dll
0x000007feff6b0000 - 0x000007feff717000 	C:\Windows\system32\GDI32.dll
0x000007fefec50000 - 0x000007fefec5e000 	C:\Windows\system32\LPK.dll
0x000007fefec80000 - 0x000007fefed4a000 	C:\Windows\system32\USP10.dll
0x000007fefc350000 - 0x000007fefc544000 	C:\Windows\WinSxS\amd64_microsoft.windows.common-controls_6595b64144ccf1df_6.0.7601.18837_none_fa3b1e3d17594757\COMCTL32.dll
0x000007feffd90000 - 0x000007feffe01000 	C:\Windows\system32\SHLWAPI.dll
0x000007fefed60000 - 0x000007fefed8e000 	C:\Windows\system32\IMM32.DLL
0x000007fefede0000 - 0x000007fefeee9000 	C:\Windows\system32\MSCTF.dll
0x0000000064d70000 - 0x0000000064e42000 	C:\Program Files\Java\jre1.8.0_141\bin\msvcr100.dll
0x000000005b6b0000 - 0x000000005bf4d000 	C:\Program Files\Java\jre1.8.0_141\bin\server\jvm.dll
0x000007fefb450000 - 0x000007fefb459000 	C:\Windows\system32\WSOCK32.dll
0x000007fefed90000 - 0x000007fefeddd000 	C:\Windows\system32\WS2_32.dll
0x000007fefed50000 - 0x000007fefed58000 	C:\Windows\system32\NSI.dll
0x000007fefbb50000 - 0x000007fefbb8b000 	C:\Windows\system32\WINMM.dll
0x000007fefc9e0000 - 0x000007fefc9ec000 	C:\Windows\system32\VERSION.dll
0x0000000077d90000 - 0x0000000077d97000 	C:\Windows\system32\PSAPI.DLL
0x00000000750a0000 - 0x00000000750af000 	C:\Program Files\Java\jre1.8.0_141\bin\verify.dll
0x000000006e9e0000 - 0x000000006ea09000 	C:\Program Files\Java\jre1.8.0_141\bin\java.dll
0x0000000074310000 - 0x0000000074326000 	C:\Program Files\Java\jre1.8.0_141\bin\zip.dll
0x000007fefdec0000 - 0x000007fefec4a000 	C:\Windows\system32\SHELL32.dll
0x000007feffb80000 - 0x000007feffd83000 	C:\Windows\system32\ole32.dll
0x000007fefd950000 - 0x000007fefd95f000 	C:\Windows\system32\profapi.dll
0x00000000742f0000 - 0x000000007430a000 	C:\Program Files\Java\jre1.8.0_141\bin\net.dll
0x000007fefd0e0000 - 0x000007fefd135000 	C:\Windows\system32\mswsock.dll
0x000007fefd0d0000 - 0x000007fefd0d7000 	C:\Windows\System32\wship6.dll
0x0000000070e60000 - 0x0000000070e71000 	C:\Program Files\Java\jre1.8.0_141\bin\nio.dll
0x000007fef0970000 - 0x000007fef09c7000 	C:\Users\vv\AppData\Local\Temp\lwjglvv\3.1.1-build-16\lwjgl.dll
0x000007fef2c80000 - 0x000007fef2c83000 	C:\Windows\system32\api-ms-win-core-synch-l1-2-0.DLL
0x000007fef0930000 - 0x000007fef096c000 	C:\Users\vv\AppData\Local\Temp\lwjglvv\3.1.1-build-16\glfw.dll
0x000007fefbb90000 - 0x000007fefbbe6000 	C:\Windows\system32\uxtheme.dll
0x000007fef08f0000 - 0x000007fef092c000 	C:\Windows\system32\dinput8.dll
0x0000000000640000 - 0x000000000065e000 	C:\Windows\system32\xinput1_3.dll
0x000007feff200000 - 0x000007feff3d7000 	C:\Windows\system32\SETUPAPI.dll
0x000007fefdbb0000 - 0x000007fefdbe6000 	C:\Windows\system32\CFGMGR32.dll
0x000007fefdd00000 - 0x000007fefddd8000 	C:\Windows\system32\OLEAUT32.dll
0x000007fefd960000 - 0x000007fefd97a000 	C:\Windows\system32\DEVOBJ.dll
0x000007fefbf10000 - 0x000007fefbf28000 	C:\Windows\system32\dwmapi.dll
0x000007fefbf30000 - 0x000007fefbf3b000 	C:\Windows\system32\HID.DLL
0x000007fefdc90000 - 0x000007fefdccb000 	C:\Windows\system32\WINTRUST.dll
0x000007fefd990000 - 0x000007fefdafd000 	C:\Windows\system32\CRYPT32.dll
0x000007fefd940000 - 0x000007fefd94f000 	C:\Windows\system32\MSASN1.dll
0x000007fee11f0000 - 0x000007fee130d000 	C:\Windows\system32\opengl32.dll
0x000007fef08c0000 - 0x000007fef08ed000 	C:\Windows\system32\GLU32.dll
0x000007fee10f0000 - 0x000007fee11e1000 	C:\Windows\system32\DDRAW.dll
0x000007fefc600000 - 0x000007fefc608000 	C:\Windows\system32\DCIMAN32.dll
0x0000000059450000 - 0x000000005b6ad000 	C:\Windows\system32\nvoglv64.DLL
0x000007fefb470000 - 0x000007fefb481000 	C:\Windows\system32\WTSAPI32.dll
0x000007fefbee0000 - 0x000007fefbf0d000 	C:\Windows\system32\ntmarta.dll
0x000007feff720000 - 0x000007feff772000 	C:\Windows\system32\WLDAP32.dll
0x000007fefd670000 - 0x000007fefd6ad000 	C:\Windows\system32\WINSTA.dll
0x000007fefd7e0000 - 0x000007fefd7ef000 	C:\Windows\system32\CRYPTBASE.dll
0x000007feefbc0000 - 0x000007feefc1f000 	C:\Users\vv\AppData\Local\Temp\lwjglvv\3.1.1-build-16\lwjgl_opengl.dll
0x000000005f850000 - 0x000000005f9e8000 	C:\Program Files\Java\jre1.8.0_141\bin\awt.dll
0x000007fef0880000 - 0x000007fef08be000 	C:\Users\vv\AppData\Local\Temp\lwjglvv\3.1.1-build-16\jemalloc.dll
0x0000000065040000 - 0x0000000065087000 	C:\Program Files\Java\jre1.8.0_141\bin\fontmanager.dll
0x000007fef6740000 - 0x000007fef693f000 	C:\Windows\system32\d3d9.dll
0x000007fef6730000 - 0x000007fef6737000 	C:\Windows\system32\d3d8thk.dll
0x000007fedaff0000 - 0x000007fedc0e1000 	C:\Windows\system32\nvd3dumx.dll
0x000007fefc270000 - 0x000007fefc29c000 	C:\Windows\system32\powrprof.dll
0x000007feef9f0000 - 0x000007feefada000 	C:\Program Files (x86)\NVIDIA Corporation\3D Vision\nvSCPAPI64.dll
0x0000000064ff0000 - 0x0000000065032000 	C:\Program Files\Java\jre1.8.0_141\bin\t2k.dll
0x000007fefd140000 - 0x000007fefd158000 	C:\Windows\system32\CRYPTSP.dll
0x000007fefce40000 - 0x000007fefce87000 	C:\Windows\system32\rsaenh.dll
0x000007fefdcd0000 - 0x000007fefdcee000 	C:\Windows\system32\USERENV.dll
0x000007fefad60000 - 0x000007fefad87000 	C:\Windows\system32\IPHLPAPI.DLL
0x000007fefad40000 - 0x000007fefad4b000 	C:\Windows\system32\WINNSI.DLL
0x000007fefabc0000 - 0x000007fefabd1000 	C:\Windows\system32\dhcpcsvc6.DLL
0x000007fefaba0000 - 0x000007fefabb8000 	C:\Windows\system32\dhcpcsvc.DLL
0x000007fef9440000 - 0x000007fef9565000 	C:\Windows\system32\dbghelp.dll

VM Arguments:
jvm_args: -Dfile.encoding=Cp1252 
java_command: main.Main
java_class_path (initial): D:\Java Eclipse\Project 4X World\bin;D:\Java Eclipse\Project 4X World\libraries\joml-1.9.1-sources.jar;D:\Java Eclipse\Project 4X World\libraries\joml-1.9.1.jar;D:\Java Eclipse\Project 4X World\libraries\lwjgl-assimp-javadoc.jar;D:\Java Eclipse\Project 4X World\libraries\lwjgl-assimp-natives-windows.jar;D:\Java Eclipse\Project 4X World\libraries\lwjgl-assimp-sources.jar;D:\Java Eclipse\Project 4X World\libraries\lwjgl-assimp.jar;D:\Java Eclipse\Project 4X World\libraries\lwjgl-bgfx-javadoc.jar;D:\Java Eclipse\Project 4X World\libraries\lwjgl-bgfx-natives-windows.jar;D:\Java Eclipse\Project 4X World\libraries\lwjgl-bgfx-sources.jar;D:\Java Eclipse\Project 4X World\libraries\lwjgl-bgfx.jar;D:\Java Eclipse\Project 4X World\libraries\lwjgl-egl-javadoc.jar;D:\Java Eclipse\Project 4X World\libraries\lwjgl-egl-sources.jar;D:\Java Eclipse\Project 4X World\libraries\lwjgl-egl.jar;D:\Java Eclipse\Project 4X World\libraries\lwjgl-glfw-javadoc.jar;D:\Java Eclipse\Project 4X World\libraries\lwjgl-glfw-natives-windows.jar;D:\Java Eclipse\Project 4X World\libraries\lwjgl-glfw-sources.jar;D:\Java Eclipse\Project 4X World\libraries\lwjgl-glfw.jar;D:\Java Eclipse\Project 4X World\libraries\lwjgl-javadoc.jar;D:\Java Eclipse\Project 4X World\libraries\lwjgl-jawt-javadoc.jar;D:\Java Eclipse\Project 4X World\libraries\lwjgl-jawt-sources.jar;D:\Java Eclipse\Project 4X World\libraries\lwjgl-jawt.jar;D:\Java Eclipse\Project 4X World\libraries\lwjgl-jemalloc-javadoc.jar;D:\Java Eclipse\Project 4X World\libraries\lwjgl-jemalloc-natives-windows.jar;D:\Java Eclipse\Project 4X World\libraries\lwjgl-jemalloc-sources.jar;D:\Java Eclipse\Project 4X World\libraries\lwjgl-jemalloc.jar;D:\Java Eclipse\Project 4X World\libraries\lwjgl-lmdb-javadoc.jar;D:\Java Eclipse\Project 4X World\libraries\lwjgl-lmdb-natives-windows.jar;D:\Java Eclipse\Project 4X World\libraries\lwjgl-lmdb-sources.jar;D:\Java Eclipse\Project 4X World\libraries\lwjgl-lmdb.jar;D:\Java Eclipse\Project 4X W
Launcher Type: SUN_STANDARD

Environment Variables:
PATH=C:/Program Files/Java/jre1.8.0_141/bin/server;C:/Program Files/Java/jre1.8.0_141/bin;C:/Program Files/Java/jre1.8.0_141/lib/amd64;D:\Komodo Edit\;D:\jet\bin;C:\ProgramData\Oracle\Java\javapath;;C:\Windows\System32;C:\Program Files (x86)\CMake\bin;C:\MinGW\bin;C:\Program Files (x86)\GnuWin32\bin;C:\Program Files (x86)\GtkSharp\2.12\bin;C:\Program Files (x86)\Windows Kits\8.1\Windows Performance Toolkit\;C:\Program Files\Microsoft SQL Server\110\Tools\Binn\;D:\Dwimperl\perl\bin;D:\Dwimperl\perl\site\bin;D:\Dwimperl\c\bin;D:\SFML;;C:\Program Files (x86)\NVIDIA Corporation\PhysX\Common;D:\Libs\lwjgl-3.1.0;C:\Program Files (x86)\Skype\Phone\;D:\Microsoft VS Code\bin;C:\Program Files (x86)\Nmap;D:\Libs\lwjgl-3.1.0;;C:\Windows\system32;
USERNAME=vv
OS=Windows_NT
PROCESSOR_IDENTIFIER=Intel64 Family 6 Model 23 Stepping 10, GenuineIntel



---------------  S Y S T E M  ---------------

OS: Windows 7 , 64 bit Build 7601 (6.1.7601.23418)

CPU:total 4 (initial active 4) (4 cores per cpu, 1 threads per core) family 6 model 23 stepping 10, cmov, cx8, fxsr, mmx, sse, sse2, sse3, ssse3, sse4.1, tsc

Memory: 4k page, physical 4123900k(876884k free), swap 8245940k(3957580k free)

vm_info: Java HotSpot(TM) 64-Bit Server VM (25.141-b15) for windows-amd64 JRE (1.8.0_141-b15), built on Jul 12 2017 04:25:12 by "java_re" with MS VC++ 10.0 (VS2010)

time: Tue Sep 19 16:13:44 2017
elapsed time: 3 seconds (0d 0h 0m 3s)

